<?xml version="1.0" encoding="UTF-8"?>
<!-- Generated by org.testng.reporters.JUnitReportReporter -->
<testsuite skipped="0" hostname="DESKTOP-TP1HFNU" name="com.mavenproject.com.firstproject.Parametercheck" tests="1" failures="0" timestamp="07 Jan 2020 04:05:42 GMT" time="17.112" errors="0">
  <testcase name="verifyLogin" time="17.112" classname="com.mavenproject.com.firstproject.Parametercheck"/>
</testsuite> <!-- com.mavenproject.com.firstproject.Parametercheck -->
