<?xml version="1.0" encoding="UTF-8"?>
<!-- Generated by org.testng.reporters.JUnitReportReporter -->
<testsuite hostname="DESKTOP-TP1HFNU" name="com.mavenproject.com.firstproject.Parametercheck" tests="1" failures="0" timestamp="7 Jan 2020 04:09:26 GMT" time="14.766" errors="0">
  <testcase name="verifyLogin" time="14.766" classname="com.mavenproject.com.firstproject.Parametercheck"/>
</testsuite> <!-- com.mavenproject.com.firstproject.Parametercheck -->
